2016-04-30 14:49:29.002  INFO 73966 --- [restartedMain] example.Application                      : Starting Application on haljik-no-MacBook-Pro.local with PID 73966 (/Users/haljik/dev/temp/isolating-the-domain/build/classes/main started by haljik in /Users/haljik/dev/temp/isolating-the-domain)
2016-04-30 14:49:29.006  INFO 73966 --- [restartedMain] example.Application                      : No active profile set, falling back to default profiles: default
2016-04-30 14:49:29.207  INFO 73966 --- [restartedMain] ationConfigEmbeddedWebApplicationContext : Refreshing org.springframework.boot.context.embedded.AnnotationConfigEmbeddedWebApplicationContext@5ca50970: startup date [Sat Apr 30 14:49:29 JST 2016]; root of context hierarchy
2016-04-30 14:49:29.288  WARN 73966 --- [restartedMain] ationConfigEmbeddedWebApplicationContext : Exception encountered during context initialization - cancelling refresh attempt: org.springframework.beans.factory.BeanDefinitionStoreException: Failed to parse configuration class [example.Application]; nested exception is java.io.FileNotFoundException: class path resource [org/springframework/security/config/annotation/web/configuration/WebSecurityConfigurerAdapter.class] cannot be opened because it does not exist
2016-04-30 14:49:29.294 ERROR 73966 --- [restartedMain] o.s.boot.SpringApplication               : Application startup failed

org.springframework.beans.factory.BeanDefinitionStoreException: Failed to parse configuration class [example.Application]; nested exception is java.io.FileNotFoundException: class path resource [org/springframework/security/config/annotation/web/configuration/WebSecurityConfigurerAdapter.class] cannot be opened because it does not exist
	at org.springframework.context.annotation.ConfigurationClassParser.parse(ConfigurationClassParser.java:182) ~[spring-context-4.2.5.RELEASE.jar:4.2.5.RELEASE]
	at org.springframework.context.annotation.ConfigurationClassPostProcessor.processConfigBeanDefinitions(ConfigurationClassPostProcessor.java:321) ~[spring-context-4.2.5.RELEASE.jar:4.2.5.RELEASE]
	at org.springframework.context.annotation.ConfigurationClassPostProcessor.postProcessBeanDefinitionRegistry(ConfigurationClassPostProcessor.java:243) ~[spring-context-4.2.5.RELEASE.jar:4.2.5.RELEASE]
	at org.springframework.context.support.PostProcessorRegistrationDelegate.invokeBeanDefinitionRegistryPostProcessors(PostProcessorRegistrationDelegate.java:273) ~[spring-context-4.2.5.RELEASE.jar:4.2.5.RELEASE]
	at org.springframework.context.support.PostProcessorRegistrationDelegate.invokeBeanFactoryPostProcessors(PostProcessorRegistrationDelegate.java:98) ~[spring-context-4.2.5.RELEASE.jar:4.2.5.RELEASE]
	at org.springframework.context.support.AbstractApplicationContext.invokeBeanFactoryPostProcessors(AbstractApplicationContext.java:678) ~[spring-context-4.2.5.RELEASE.jar:4.2.5.RELEASE]
	at org.springframework.context.support.AbstractApplicationContext.refresh(AbstractApplicationContext.java:520) ~[spring-context-4.2.5.RELEASE.jar:4.2.5.RELEASE]
	at org.springframework.boot.context.embedded.EmbeddedWebApplicationContext.refresh(EmbeddedWebApplicationContext.java:118) ~[spring-boot-1.3.3.RELEASE.jar:1.3.3.RELEASE]
	at org.springframework.boot.SpringApplication.refresh(SpringApplication.java:766) [spring-boot-1.3.3.RELEASE.jar:1.3.3.RELEASE]
	at org.springframework.boot.SpringApplication.createAndRefreshContext(SpringApplication.java:361) [spring-boot-1.3.3.RELEASE.jar:1.3.3.RELEASE]
	at org.springframework.boot.SpringApplication.run(SpringApplication.java:307) [spring-boot-1.3.3.RELEASE.jar:1.3.3.RELEASE]
	at org.springframework.boot.SpringApplication.run(SpringApplication.java:1191) [spring-boot-1.3.3.RELEASE.jar:1.3.3.RELEASE]
	at org.springframework.boot.SpringApplication.run(SpringApplication.java:1180) [spring-boot-1.3.3.RELEASE.jar:1.3.3.RELEASE]
	at example.Application.main(Application.java:9) [main/:na]
	at sun.reflect.NativeMethodAccessorImpl.invoke0(Native Method) ~[na:1.8.0_92]
	at sun.reflect.NativeMethodAccessorImpl.invoke(NativeMethodAccessorImpl.java:62) ~[na:1.8.0_92]
	at sun.reflect.DelegatingMethodAccessorImpl.invoke(DelegatingMethodAccessorImpl.java:43) ~[na:1.8.0_92]
	at java.lang.reflect.Method.invoke(Method.java:498) ~[na:1.8.0_92]
	at org.springframework.boot.devtools.restart.RestartLauncher.run(RestartLauncher.java:49) [spring-boot-devtools-1.3.3.RELEASE.jar:1.3.3.RELEASE]
Caused by: java.io.FileNotFoundException: class path resource [org/springframework/security/config/annotation/web/configuration/WebSecurityConfigurerAdapter.class] cannot be opened because it does not exist
	at org.springframework.core.io.ClassPathResource.getInputStream(ClassPathResource.java:172) ~[spring-core-4.2.5.RELEASE.jar:4.2.5.RELEASE]
	at org.springframework.core.type.classreading.SimpleMetadataReader.<init>(SimpleMetadataReader.java:50) ~[spring-core-4.2.5.RELEASE.jar:4.2.5.RELEASE]
	at org.springframework.core.type.classreading.SimpleMetadataReaderFactory.getMetadataReader(SimpleMetadataReaderFactory.java:98) ~[spring-core-4.2.5.RELEASE.jar:4.2.5.RELEASE]
	at org.springframework.core.type.classreading.CachingMetadataReaderFactory.getMetadataReader(CachingMetadataReaderFactory.java:102) ~[spring-core-4.2.5.RELEASE.jar:4.2.5.RELEASE]
	at org.springframework.core.type.classreading.SimpleMetadataReaderFactory.getMetadataReader(SimpleMetadataReaderFactory.java:93) ~[spring-core-4.2.5.RELEASE.jar:4.2.5.RELEASE]
	at org.springframework.context.annotation.ConfigurationClassParser.asSourceClass(ConfigurationClassParser.java:621) ~[spring-context-4.2.5.RELEASE.jar:4.2.5.RELEASE]
	at org.springframework.context.annotation.ConfigurationClassParser$SourceClass.getSuperClass(ConfigurationClassParser.java:784) ~[spring-context-4.2.5.RELEASE.jar:4.2.5.RELEASE]
	at org.springframework.context.annotation.ConfigurationClassParser.doProcessConfigurationClass(ConfigurationClassParser.java:314) ~[spring-context-4.2.5.RELEASE.jar:4.2.5.RELEASE]
	at org.springframework.context.annotation.ConfigurationClassParser.processConfigurationClass(ConfigurationClassParser.java:232) ~[spring-context-4.2.5.RELEASE.jar:4.2.5.RELEASE]
	at org.springframework.context.annotation.ConfigurationClassParser.parse(ConfigurationClassParser.java:191) ~[spring-context-4.2.5.RELEASE.jar:4.2.5.RELEASE]
	at org.springframework.context.annotation.ConfigurationClassParser.doProcessConfigurationClass(ConfigurationClassParser.java:272) ~[spring-context-4.2.5.RELEASE.jar:4.2.5.RELEASE]
	at org.springframework.context.annotation.ConfigurationClassParser.processConfigurationClass(ConfigurationClassParser.java:232) ~[spring-context-4.2.5.RELEASE.jar:4.2.5.RELEASE]
	at org.springframework.context.annotation.ConfigurationClassParser.parse(ConfigurationClassParser.java:199) ~[spring-context-4.2.5.RELEASE.jar:4.2.5.RELEASE]
	at org.springframework.context.annotation.ConfigurationClassParser.parse(ConfigurationClassParser.java:168) ~[spring-context-4.2.5.RELEASE.jar:4.2.5.RELEASE]
	... 18 common frames omitted

2016-04-30 14:49:29.296  INFO 73966 --- [restartedMain] .b.l.ClasspathLoggingApplicationListener : Application failed to start with classpath: [file:/Users/haljik/dev/temp/isolating-the-domain/build/classes/main/, file:/Users/haljik/dev/temp/isolating-the-domain/build/resources/main/]
2016-04-30 14:50:35.286  INFO 73984 --- [restartedMain] example.Application                      : Starting Application on haljik-no-MacBook-Pro.local with PID 73984 (/Users/haljik/dev/temp/isolating-the-domain/build/classes/main started by haljik in /Users/haljik/dev/temp/isolating-the-domain)
2016-04-30 14:50:35.288  INFO 73984 --- [restartedMain] example.Application                      : No active profile set, falling back to default profiles: default
2016-04-30 14:50:35.464  INFO 73984 --- [restartedMain] ationConfigEmbeddedWebApplicationContext : Refreshing org.springframework.boot.context.embedded.AnnotationConfigEmbeddedWebApplicationContext@5ca50970: startup date [Sat Apr 30 14:50:35 JST 2016]; root of context hierarchy
2016-04-30 14:50:35.540  WARN 73984 --- [restartedMain] ationConfigEmbeddedWebApplicationContext : Exception encountered during context initialization - cancelling refresh attempt: org.springframework.beans.factory.BeanDefinitionStoreException: Failed to parse configuration class [example.Application]; nested exception is java.io.FileNotFoundException: class path resource [org/springframework/security/config/annotation/web/configuration/WebSecurityConfigurerAdapter.class] cannot be opened because it does not exist
2016-04-30 14:50:35.546 ERROR 73984 --- [restartedMain] o.s.boot.SpringApplication               : Application startup failed

org.springframework.beans.factory.BeanDefinitionStoreException: Failed to parse configuration class [example.Application]; nested exception is java.io.FileNotFoundException: class path resource [org/springframework/security/config/annotation/web/configuration/WebSecurityConfigurerAdapter.class] cannot be opened because it does not exist
	at org.springframework.context.annotation.ConfigurationClassParser.parse(ConfigurationClassParser.java:182) ~[spring-context-4.2.5.RELEASE.jar:4.2.5.RELEASE]
	at org.springframework.context.annotation.ConfigurationClassPostProcessor.processConfigBeanDefinitions(ConfigurationClassPostProcessor.java:321) ~[spring-context-4.2.5.RELEASE.jar:4.2.5.RELEASE]
	at org.springframework.context.annotation.ConfigurationClassPostProcessor.postProcessBeanDefinitionRegistry(ConfigurationClassPostProcessor.java:243) ~[spring-context-4.2.5.RELEASE.jar:4.2.5.RELEASE]
	at org.springframework.context.support.PostProcessorRegistrationDelegate.invokeBeanDefinitionRegistryPostProcessors(PostProcessorRegistrationDelegate.java:273) ~[spring-context-4.2.5.RELEASE.jar:4.2.5.RELEASE]
	at org.springframework.context.support.PostProcessorRegistrationDelegate.invokeBeanFactoryPostProcessors(PostProcessorRegistrationDelegate.java:98) ~[spring-context-4.2.5.RELEASE.jar:4.2.5.RELEASE]
	at org.springframework.context.support.AbstractApplicationContext.invokeBeanFactoryPostProcessors(AbstractApplicationContext.java:678) ~[spring-context-4.2.5.RELEASE.jar:4.2.5.RELEASE]
	at org.springframework.context.support.AbstractApplicationContext.refresh(AbstractApplicationContext.java:520) ~[spring-context-4.2.5.RELEASE.jar:4.2.5.RELEASE]
	at org.springframework.boot.context.embedded.EmbeddedWebApplicationContext.refresh(EmbeddedWebApplicationContext.java:118) ~[spring-boot-1.3.3.RELEASE.jar:1.3.3.RELEASE]
	at org.springframework.boot.SpringApplication.refresh(SpringApplication.java:766) [spring-boot-1.3.3.RELEASE.jar:1.3.3.RELEASE]
	at org.springframework.boot.SpringApplication.createAndRefreshContext(SpringApplication.java:361) [spring-boot-1.3.3.RELEASE.jar:1.3.3.RELEASE]
	at org.springframework.boot.SpringApplication.run(SpringApplication.java:307) [spring-boot-1.3.3.RELEASE.jar:1.3.3.RELEASE]
	at org.springframework.boot.SpringApplication.run(SpringApplication.java:1191) [spring-boot-1.3.3.RELEASE.jar:1.3.3.RELEASE]
	at org.springframework.boot.SpringApplication.run(SpringApplication.java:1180) [spring-boot-1.3.3.RELEASE.jar:1.3.3.RELEASE]
	at example.Application.main(Application.java:9) [main/:na]
	at sun.reflect.NativeMethodAccessorImpl.invoke0(Native Method) ~[na:1.8.0_92]
	at sun.reflect.NativeMethodAccessorImpl.invoke(NativeMethodAccessorImpl.java:62) ~[na:1.8.0_92]
	at sun.reflect.DelegatingMethodAccessorImpl.invoke(DelegatingMethodAccessorImpl.java:43) ~[na:1.8.0_92]
	at java.lang.reflect.Method.invoke(Method.java:498) ~[na:1.8.0_92]
	at org.springframework.boot.devtools.restart.RestartLauncher.run(RestartLauncher.java:49) [spring-boot-devtools-1.3.3.RELEASE.jar:1.3.3.RELEASE]
Caused by: java.io.FileNotFoundException: class path resource [org/springframework/security/config/annotation/web/configuration/WebSecurityConfigurerAdapter.class] cannot be opened because it does not exist
	at org.springframework.core.io.ClassPathResource.getInputStream(ClassPathResource.java:172) ~[spring-core-4.2.5.RELEASE.jar:4.2.5.RELEASE]
	at org.springframework.core.type.classreading.SimpleMetadataReader.<init>(SimpleMetadataReader.java:50) ~[spring-core-4.2.5.RELEASE.jar:4.2.5.RELEASE]
	at org.springframework.core.type.classreading.SimpleMetadataReaderFactory.getMetadataReader(SimpleMetadataReaderFactory.java:98) ~[spring-core-4.2.5.RELEASE.jar:4.2.5.RELEASE]
	at org.springframework.core.type.classreading.CachingMetadataReaderFactory.getMetadataReader(CachingMetadataReaderFactory.java:102) ~[spring-core-4.2.5.RELEASE.jar:4.2.5.RELEASE]
	at org.springframework.core.type.classreading.SimpleMetadataReaderFactory.getMetadataReader(SimpleMetadataReaderFactory.java:93) ~[spring-core-4.2.5.RELEASE.jar:4.2.5.RELEASE]
	at org.springframework.context.annotation.ConfigurationClassParser.asSourceClass(ConfigurationClassParser.java:621) ~[spring-context-4.2.5.RELEASE.jar:4.2.5.RELEASE]
	at org.springframework.context.annotation.ConfigurationClassParser$SourceClass.getSuperClass(ConfigurationClassParser.java:784) ~[spring-context-4.2.5.RELEASE.jar:4.2.5.RELEASE]
	at org.springframework.context.annotation.ConfigurationClassParser.doProcessConfigurationClass(ConfigurationClassParser.java:314) ~[spring-context-4.2.5.RELEASE.jar:4.2.5.RELEASE]
	at org.springframework.context.annotation.ConfigurationClassParser.processConfigurationClass(ConfigurationClassParser.java:232) ~[spring-context-4.2.5.RELEASE.jar:4.2.5.RELEASE]
	at org.springframework.context.annotation.ConfigurationClassParser.parse(ConfigurationClassParser.java:191) ~[spring-context-4.2.5.RELEASE.jar:4.2.5.RELEASE]
	at org.springframework.context.annotation.ConfigurationClassParser.doProcessConfigurationClass(ConfigurationClassParser.java:272) ~[spring-context-4.2.5.RELEASE.jar:4.2.5.RELEASE]
	at org.springframework.context.annotation.ConfigurationClassParser.processConfigurationClass(ConfigurationClassParser.java:232) ~[spring-context-4.2.5.RELEASE.jar:4.2.5.RELEASE]
	at org.springframework.context.annotation.ConfigurationClassParser.parse(ConfigurationClassParser.java:199) ~[spring-context-4.2.5.RELEASE.jar:4.2.5.RELEASE]
	at org.springframework.context.annotation.ConfigurationClassParser.parse(ConfigurationClassParser.java:168) ~[spring-context-4.2.5.RELEASE.jar:4.2.5.RELEASE]
	... 18 common frames omitted

2016-04-30 14:50:35.548  INFO 73984 --- [restartedMain] .b.l.ClasspathLoggingApplicationListener : Application failed to start with classpath: [file:/Users/haljik/dev/temp/isolating-the-domain/build/classes/main/, file:/Users/haljik/dev/temp/isolating-the-domain/build/resources/main/]
2016-04-30 14:51:11.731  INFO 73999 --- [restartedMain] example.Application                      : Starting Application on haljik-no-MacBook-Pro.local with PID 73999 (/Users/haljik/dev/temp/isolating-the-domain/build/classes/main started by haljik in /Users/haljik/dev/temp/isolating-the-domain)
2016-04-30 14:51:11.733  INFO 73999 --- [restartedMain] example.Application                      : No active profile set, falling back to default profiles: default
2016-04-30 14:51:11.911  INFO 73999 --- [restartedMain] ationConfigEmbeddedWebApplicationContext : Refreshing org.springframework.boot.context.embedded.AnnotationConfigEmbeddedWebApplicationContext@2d6eb194: startup date [Sat Apr 30 14:51:11 JST 2016]; root of context hierarchy
2016-04-30 14:51:11.981  WARN 73999 --- [restartedMain] ationConfigEmbeddedWebApplicationContext : Exception encountered during context initialization - cancelling refresh attempt: org.springframework.beans.factory.BeanDefinitionStoreException: Failed to parse configuration class [example.Application]; nested exception is java.io.FileNotFoundException: class path resource [org/springframework/security/config/annotation/web/configuration/WebSecurityConfigurerAdapter.class] cannot be opened because it does not exist
2016-04-30 14:51:11.986 ERROR 73999 --- [restartedMain] o.s.boot.SpringApplication               : Application startup failed

org.springframework.beans.factory.BeanDefinitionStoreException: Failed to parse configuration class [example.Application]; nested exception is java.io.FileNotFoundException: class path resource [org/springframework/security/config/annotation/web/configuration/WebSecurityConfigurerAdapter.class] cannot be opened because it does not exist
	at org.springframework.context.annotation.ConfigurationClassParser.parse(ConfigurationClassParser.java:182) ~[spring-context-4.2.5.RELEASE.jar:4.2.5.RELEASE]
	at org.springframework.context.annotation.ConfigurationClassPostProcessor.processConfigBeanDefinitions(ConfigurationClassPostProcessor.java:321) ~[spring-context-4.2.5.RELEASE.jar:4.2.5.RELEASE]
	at org.springframework.context.annotation.ConfigurationClassPostProcessor.postProcessBeanDefinitionRegistry(ConfigurationClassPostProcessor.java:243) ~[spring-context-4.2.5.RELEASE.jar:4.2.5.RELEASE]
	at org.springframework.context.support.PostProcessorRegistrationDelegate.invokeBeanDefinitionRegistryPostProcessors(PostProcessorRegistrationDelegate.java:273) ~[spring-context-4.2.5.RELEASE.jar:4.2.5.RELEASE]
	at org.springframework.context.support.PostProcessorRegistrationDelegate.invokeBeanFactoryPostProcessors(PostProcessorRegistrationDelegate.java:98) ~[spring-context-4.2.5.RELEASE.jar:4.2.5.RELEASE]
	at org.springframework.context.support.AbstractApplicationContext.invokeBeanFactoryPostProcessors(AbstractApplicationContext.java:678) ~[spring-context-4.2.5.RELEASE.jar:4.2.5.RELEASE]
	at org.springframework.context.support.AbstractApplicationContext.refresh(AbstractApplicationContext.java:520) ~[spring-context-4.2.5.RELEASE.jar:4.2.5.RELEASE]
	at org.springframework.boot.context.embedded.EmbeddedWebApplicationContext.refresh(EmbeddedWebApplicationContext.java:118) ~[spring-boot-1.3.3.RELEASE.jar:1.3.3.RELEASE]
	at org.springframework.boot.SpringApplication.refresh(SpringApplication.java:766) [spring-boot-1.3.3.RELEASE.jar:1.3.3.RELEASE]
	at org.springframework.boot.SpringApplication.createAndRefreshContext(SpringApplication.java:361) [spring-boot-1.3.3.RELEASE.jar:1.3.3.RELEASE]
	at org.springframework.boot.SpringApplication.run(SpringApplication.java:307) [spring-boot-1.3.3.RELEASE.jar:1.3.3.RELEASE]
	at org.springframework.boot.SpringApplication.run(SpringApplication.java:1191) [spring-boot-1.3.3.RELEASE.jar:1.3.3.RELEASE]
	at org.springframework.boot.SpringApplication.run(SpringApplication.java:1180) [spring-boot-1.3.3.RELEASE.jar:1.3.3.RELEASE]
	at example.Application.main(Application.java:9) [main/:na]
	at sun.reflect.NativeMethodAccessorImpl.invoke0(Native Method) ~[na:1.8.0_92]
	at sun.reflect.NativeMethodAccessorImpl.invoke(NativeMethodAccessorImpl.java:62) ~[na:1.8.0_92]
	at sun.reflect.DelegatingMethodAccessorImpl.invoke(DelegatingMethodAccessorImpl.java:43) ~[na:1.8.0_92]
	at java.lang.reflect.Method.invoke(Method.java:498) ~[na:1.8.0_92]
	at org.springframework.boot.devtools.restart.RestartLauncher.run(RestartLauncher.java:49) [spring-boot-devtools-1.3.3.RELEASE.jar:1.3.3.RELEASE]
Caused by: java.io.FileNotFoundException: class path resource [org/springframework/security/config/annotation/web/configuration/WebSecurityConfigurerAdapter.class] cannot be opened because it does not exist
	at org.springframework.core.io.ClassPathResource.getInputStream(ClassPathResource.java:172) ~[spring-core-4.2.5.RELEASE.jar:4.2.5.RELEASE]
	at org.springframework.core.type.classreading.SimpleMetadataReader.<init>(SimpleMetadataReader.java:50) ~[spring-core-4.2.5.RELEASE.jar:4.2.5.RELEASE]
	at org.springframework.core.type.classreading.SimpleMetadataReaderFactory.getMetadataReader(SimpleMetadataReaderFactory.java:98) ~[spring-core-4.2.5.RELEASE.jar:4.2.5.RELEASE]
	at org.springframework.core.type.classreading.CachingMetadataReaderFactory.getMetadataReader(CachingMetadataReaderFactory.java:102) ~[spring-core-4.2.5.RELEASE.jar:4.2.5.RELEASE]
	at org.springframework.core.type.classreading.SimpleMetadataReaderFactory.getMetadataReader(SimpleMetadataReaderFactory.java:93) ~[spring-core-4.2.5.RELEASE.jar:4.2.5.RELEASE]
	at org.springframework.context.annotation.ConfigurationClassParser.asSourceClass(ConfigurationClassParser.java:621) ~[spring-context-4.2.5.RELEASE.jar:4.2.5.RELEASE]
	at org.springframework.context.annotation.ConfigurationClassParser$SourceClass.getSuperClass(ConfigurationClassParser.java:784) ~[spring-context-4.2.5.RELEASE.jar:4.2.5.RELEASE]
	at org.springframework.context.annotation.ConfigurationClassParser.doProcessConfigurationClass(ConfigurationClassParser.java:314) ~[spring-context-4.2.5.RELEASE.jar:4.2.5.RELEASE]
	at org.springframework.context.annotation.ConfigurationClassParser.processConfigurationClass(ConfigurationClassParser.java:232) ~[spring-context-4.2.5.RELEASE.jar:4.2.5.RELEASE]
	at org.springframework.context.annotation.ConfigurationClassParser.parse(ConfigurationClassParser.java:191) ~[spring-context-4.2.5.RELEASE.jar:4.2.5.RELEASE]
	at org.springframework.context.annotation.ConfigurationClassParser.doProcessConfigurationClass(ConfigurationClassParser.java:272) ~[spring-context-4.2.5.RELEASE.jar:4.2.5.RELEASE]
	at org.springframework.context.annotation.ConfigurationClassParser.processConfigurationClass(ConfigurationClassParser.java:232) ~[spring-context-4.2.5.RELEASE.jar:4.2.5.RELEASE]
	at org.springframework.context.annotation.ConfigurationClassParser.parse(ConfigurationClassParser.java:199) ~[spring-context-4.2.5.RELEASE.jar:4.2.5.RELEASE]
	at org.springframework.context.annotation.ConfigurationClassParser.parse(ConfigurationClassParser.java:168) ~[spring-context-4.2.5.RELEASE.jar:4.2.5.RELEASE]
	... 18 common frames omitted

2016-04-30 14:51:11.988  INFO 73999 --- [restartedMain] .b.l.ClasspathLoggingApplicationListener : Application failed to start with classpath: [file:/Users/haljik/dev/temp/isolating-the-domain/build/classes/main/, file:/Users/haljik/dev/temp/isolating-the-domain/build/resources/main/]
2016-04-30 14:51:36.624  INFO 74022 --- [Test worker] example.service.user.UserServiceSpec     : Starting UserServiceSpec on haljik-no-MacBook-Pro.local with PID 74022 (/Users/haljik/dev/temp/isolating-the-domain/build/classes/test started by haljik in /Users/haljik/dev/temp/isolating-the-domain)
2016-04-30 14:51:36.625  INFO 74022 --- [Test worker] example.service.user.UserServiceSpec     : The following profiles are active: test
2016-04-30 14:51:36.656  INFO 74022 --- [Test worker] s.c.a.AnnotationConfigApplicationContext : Refreshing org.springframework.context.annotation.AnnotationConfigApplicationContext@584fb6ea: startup date [Sat Apr 30 14:51:36 JST 2016]; root of context hierarchy
2016-04-30 14:51:37.918  INFO 74022 --- [Test worker] o.s.jdbc.datasource.init.ScriptUtils     : Executing SQL script from URL [file:/Users/haljik/dev/temp/isolating-the-domain/build/resources/main/schema.sql]
2016-04-30 14:51:37.928  INFO 74022 --- [Test worker] o.s.jdbc.datasource.init.ScriptUtils     : Executed SQL script from URL [file:/Users/haljik/dev/temp/isolating-the-domain/build/resources/main/schema.sql] in 10 ms.
2016-04-30 14:51:37.930  INFO 74022 --- [Test worker] o.s.jdbc.datasource.init.ScriptUtils     : Executing SQL script from URL [file:/Users/haljik/dev/temp/isolating-the-domain/build/resources/main/data.sql]
2016-04-30 14:51:37.934  INFO 74022 --- [Test worker] o.s.jdbc.datasource.init.ScriptUtils     : Executed SQL script from URL [file:/Users/haljik/dev/temp/isolating-the-domain/build/resources/main/data.sql] in 3 ms.
2016-04-30 14:51:38.918  INFO 74022 --- [Test worker] example.service.user.UserServiceSpec     : Started UserServiceSpec in 2.55 seconds (JVM running for 3.412)
2016-04-30 14:51:39.057  INFO 74022 --- [Thread-6] s.c.a.AnnotationConfigApplicationContext : Closing org.springframework.context.annotation.AnnotationConfigApplicationContext@584fb6ea: startup date [Sat Apr 30 14:51:36 JST 2016]; root of context hierarchy
2016-04-30 14:51:56.061  INFO 74037 --- [restartedMain] example.Application                      : Starting Application on haljik-no-MacBook-Pro.local with PID 74037 (/Users/haljik/dev/temp/isolating-the-domain/build/classes/main started by haljik in /Users/haljik/dev/temp/isolating-the-domain)
2016-04-30 14:51:56.064  INFO 74037 --- [restartedMain] example.Application                      : No active profile set, falling back to default profiles: default
2016-04-30 14:51:56.352  INFO 74037 --- [restartedMain] ationConfigEmbeddedWebApplicationContext : Refreshing org.springframework.boot.context.embedded.AnnotationConfigEmbeddedWebApplicationContext@2d6eb194: startup date [Sat Apr 30 14:51:56 JST 2016]; root of context hierarchy
2016-04-30 14:51:56.996  INFO 74037 --- [restartedMain] o.s.b.f.s.DefaultListableBeanFactory     : Overriding bean definition for bean 'beanNameViewResolver' with a different definition: replacing [Root bean: class [null]; scope=; abstract=false; lazyInit=false; autowireMode=3; dependencyCheck=0; autowireCandidate=true; primary=false; factoryBeanName=org.springframework.boot.autoconfigure.web.ErrorMvcAutoConfiguration$WhitelabelErrorViewConfiguration; factoryMethodName=beanNameViewResolver; initMethodName=null; destroyMethodName=(inferred); defined in class path resource [org/springframework/boot/autoconfigure/web/ErrorMvcAutoConfiguration$WhitelabelErrorViewConfiguration.class]] with [Root bean: class [null]; scope=; abstract=false; lazyInit=false; autowireMode=3; dependencyCheck=0; autowireCandidate=true; primary=false; factoryBeanName=org.springframework.boot.autoconfigure.web.WebMvcAutoConfiguration$WebMvcAutoConfigurationAdapter; factoryMethodName=beanNameViewResolver; initMethodName=null; destroyMethodName=(inferred); defined in class path resource [org/springframework/boot/autoconfigure/web/WebMvcAutoConfiguration$WebMvcAutoConfigurationAdapter.class]]
2016-04-30 14:51:57.354  INFO 74037 --- [restartedMain] trationDelegate$BeanPostProcessorChecker : Bean 'org.springframework.transaction.annotation.ProxyTransactionManagementConfiguration' of type [class org.springframework.transaction.annotation.ProxyTransactionManagementConfiguration$$EnhancerBySpringCGLIB$$cfd45341] is not eligible for getting processed by all BeanPostProcessors (for example: not eligible for auto-proxying)
2016-04-30 14:51:57.635  INFO 74037 --- [restartedMain] s.b.c.e.t.TomcatEmbeddedServletContainer : Tomcat initialized with port(s): 8080 (http)
2016-04-30 14:51:57.644  INFO 74037 --- [restartedMain] o.apache.catalina.core.StandardService   : Starting service Tomcat
2016-04-30 14:51:57.644  INFO 74037 --- [restartedMain] org.apache.catalina.core.StandardEngine  : Starting Servlet Engine: Apache Tomcat/8.0.32
2016-04-30 14:51:57.715  INFO 74037 --- [localhost-startStop-1] o.a.c.c.C.[Tomcat].[localhost].[/]       : Initializing Spring embedded WebApplicationContext
2016-04-30 14:51:57.716  INFO 74037 --- [localhost-startStop-1] o.s.web.context.ContextLoader            : Root WebApplicationContext: initialization completed in 1366 ms
2016-04-30 14:51:57.964  INFO 74037 --- [localhost-startStop-1] o.s.b.c.e.ServletRegistrationBean        : Mapping servlet: 'dispatcherServlet' to [/]
2016-04-30 14:51:57.965  INFO 74037 --- [localhost-startStop-1] o.s.b.c.e.ServletRegistrationBean        : Mapping servlet: 'webServlet' to [/h2-console/*]
2016-04-30 14:51:57.968  INFO 74037 --- [localhost-startStop-1] o.s.b.c.embedded.FilterRegistrationBean  : Mapping filter: 'metricFilter' to: [/*]
2016-04-30 14:51:57.969  INFO 74037 --- [localhost-startStop-1] o.s.b.c.embedded.FilterRegistrationBean  : Mapping filter: 'characterEncodingFilter' to: [/*]
2016-04-30 14:51:57.969  INFO 74037 --- [localhost-startStop-1] o.s.b.c.embedded.FilterRegistrationBean  : Mapping filter: 'hiddenHttpMethodFilter' to: [/*]
2016-04-30 14:51:57.969  INFO 74037 --- [localhost-startStop-1] o.s.b.c.embedded.FilterRegistrationBean  : Mapping filter: 'httpPutFormContentFilter' to: [/*]
2016-04-30 14:51:57.969  INFO 74037 --- [localhost-startStop-1] o.s.b.c.embedded.FilterRegistrationBean  : Mapping filter: 'requestContextFilter' to: [/*]
2016-04-30 14:51:57.969  INFO 74037 --- [localhost-startStop-1] o.s.b.c.embedded.FilterRegistrationBean  : Mapping filter: 'webRequestLoggingFilter' to: [/*]
2016-04-30 14:51:57.969  INFO 74037 --- [localhost-startStop-1] o.s.b.c.embedded.FilterRegistrationBean  : Mapping filter: 'applicationContextIdFilter' to: [/*]
2016-04-30 14:51:58.239  INFO 74037 --- [restartedMain] o.s.jdbc.datasource.init.ScriptUtils     : Executing SQL script from URL [file:/Users/haljik/dev/temp/isolating-the-domain/build/resources/main/schema.sql]
2016-04-30 14:51:58.251  INFO 74037 --- [restartedMain] o.s.jdbc.datasource.init.ScriptUtils     : Executed SQL script from URL [file:/Users/haljik/dev/temp/isolating-the-domain/build/resources/main/schema.sql] in 12 ms.
2016-04-30 14:51:58.253  INFO 74037 --- [restartedMain] o.s.jdbc.datasource.init.ScriptUtils     : Executing SQL script from URL [file:/Users/haljik/dev/temp/isolating-the-domain/build/resources/main/data.sql]
2016-04-30 14:51:58.257  INFO 74037 --- [restartedMain] o.s.jdbc.datasource.init.ScriptUtils     : Executed SQL script from URL [file:/Users/haljik/dev/temp/isolating-the-domain/build/resources/main/data.sql] in 4 ms.
2016-04-30 14:51:58.691  INFO 74037 --- [restartedMain] s.w.s.m.m.a.RequestMappingHandlerAdapter : Looking for @ControllerAdvice: org.springframework.boot.context.embedded.AnnotationConfigEmbeddedWebApplicationContext@2d6eb194: startup date [Sat Apr 30 14:51:56 JST 2016]; root of context hierarchy
2016-04-30 14:51:58.704  INFO 74037 --- [restartedMain] s.w.s.m.m.a.RequestMappingHandlerAdapter : Detected @InitBinder methods in baseControllerAdvice
2016-04-30 14:51:58.747  INFO 74037 --- [restartedMain] s.w.s.m.m.a.RequestMappingHandlerMapping : Mapped "{[/]}" onto java.lang.String example.web.TopController.show()
2016-04-30 14:51:58.749  INFO 74037 --- [restartedMain] s.w.s.m.m.a.RequestMappingHandlerMapping : Mapped "{[/user/delete/delete],methods=[GET]}" onto java.lang.String example.web.user.DeleteController.execute(example.model.user.User,org.springframework.web.bind.support.SessionStatus)
2016-04-30 14:51:58.750  INFO 74037 --- [restartedMain] s.w.s.m.m.a.RequestMappingHandlerMapping : Mapped "{[/user/delete],methods=[GET]}" onto java.lang.String example.web.user.DeleteController.clearSessionAttribute(org.springframework.web.bind.support.SessionStatus,java.lang.String)
2016-04-30 14:51:58.750  INFO 74037 --- [restartedMain] s.w.s.m.m.a.RequestMappingHandlerMapping : Mapped "{[/user/delete/{userId}/confirm],methods=[GET]}" onto java.lang.String example.web.user.DeleteController.input(java.lang.String,org.springframework.ui.Model)
2016-04-30 14:51:58.754  INFO 74037 --- [restartedMain] s.w.s.m.m.a.RequestMappingHandlerMapping : Mapped "{[/user/register/input],methods=[GET]}" onto java.lang.String example.web.user.RegisterController.form(org.springframework.ui.Model)
2016-04-30 14:51:58.754  INFO 74037 --- [restartedMain] s.w.s.m.m.a.RequestMappingHandlerMapping : Mapped "{[/user/register/register],methods=[GET]}" onto java.lang.String example.web.user.RegisterController.register(example.model.user.User,org.springframework.web.servlet.mvc.support.RedirectAttributes)
2016-04-30 14:51:58.754  INFO 74037 --- [restartedMain] s.w.s.m.m.a.RequestMappingHandlerMapping : Mapped "{[/user/register],methods=[GET]}" onto java.lang.String example.web.user.RegisterController.start(org.springframework.web.bind.support.SessionStatus)
2016-04-30 14:51:58.755  INFO 74037 --- [restartedMain] s.w.s.m.m.a.RequestMappingHandlerMapping : Mapped "{[/user/register/complete],methods=[GET]}" onto java.lang.String example.web.user.RegisterController.complete(org.springframework.web.bind.support.SessionStatus)
2016-04-30 14:51:58.755  INFO 74037 --- [restartedMain] s.w.s.m.m.a.RequestMappingHandlerMapping : Mapped "{[/user/register/confirm],methods=[POST]}" onto java.lang.String example.web.user.RegisterController.confirm(example.model.user.User,org.springframework.validation.BindingResult)
2016-04-30 14:51:58.757  INFO 74037 --- [restartedMain] s.w.s.m.m.a.RequestMappingHandlerMapping : Mapped "{[/user/update],methods=[GET]}" onto java.lang.String example.web.user.UpdateController.start(org.springframework.web.bind.support.SessionStatus,java.lang.String)
2016-04-30 14:51:58.757  INFO 74037 --- [restartedMain] s.w.s.m.m.a.RequestMappingHandlerMapping : Mapped "{[/user/update/confirm],methods=[POST]}" onto java.lang.String example.web.user.UpdateController.validate(example.model.user.User,org.springframework.validation.BindingResult,org.springframework.web.servlet.mvc.support.RedirectAttributes)
2016-04-30 14:51:58.757  INFO 74037 --- [restartedMain] s.w.s.m.m.a.RequestMappingHandlerMapping : Mapped "{[/user/update/confirm],methods=[GET]}" onto java.lang.String example.web.user.UpdateController.show()
2016-04-30 14:51:58.758  INFO 74037 --- [restartedMain] s.w.s.m.m.a.RequestMappingHandlerMapping : Mapped "{[/user/update/{userId}/input],methods=[GET]}" onto java.lang.String example.web.user.UpdateController.formWithCurrentData(java.lang.String,org.springframework.ui.Model)
2016-04-30 14:51:58.758  INFO 74037 --- [restartedMain] s.w.s.m.m.a.RequestMappingHandlerMapping : Mapped "{[/user/update/input/again],methods=[GET]}" onto java.lang.String example.web.user.UpdateController.formAgain()
2016-04-30 14:51:58.758  INFO 74037 --- [restartedMain] s.w.s.m.m.a.RequestMappingHandlerMapping : Mapped "{[/user/update/complete],methods=[GET]}" onto java.lang.String example.web.user.UpdateController.updateNow(example.model.user.User,org.springframework.web.bind.support.SessionStatus)
2016-04-30 14:51:58.760  INFO 74037 --- [restartedMain] s.w.s.m.m.a.RequestMappingHandlerMapping : Mapped "{[/error]}" onto public org.springframework.http.ResponseEntity<java.util.Map<java.lang.String, java.lang.Object>> org.springframework.boot.autoconfigure.web.BasicErrorController.error(javax.servlet.http.HttpServletRequest)
2016-04-30 14:51:58.760  INFO 74037 --- [restartedMain] s.w.s.m.m.a.RequestMappingHandlerMapping : Mapped "{[/error],produces=[text/html]}" onto public org.springframework.web.servlet.ModelAndView org.springframework.boot.autoconfigure.web.BasicErrorController.errorHtml(javax.servlet.http.HttpServletRequest,javax.servlet.http.HttpServletResponse)
2016-04-30 14:51:58.783  INFO 74037 --- [restartedMain] o.s.w.s.handler.SimpleUrlHandlerMapping  : Mapped URL path [/webjars/**] onto handler of type [class org.springframework.web.servlet.resource.ResourceHttpRequestHandler]
2016-04-30 14:51:58.783  INFO 74037 --- [restartedMain] o.s.w.s.handler.SimpleUrlHandlerMapping  : Mapped URL path [/**] onto handler of type [class org.springframework.web.servlet.resource.ResourceHttpRequestHandler]
2016-04-30 14:51:58.816  INFO 74037 --- [restartedMain] o.s.w.s.handler.SimpleUrlHandlerMapping  : Mapped URL path [/**/favicon.ico] onto handler of type [class org.springframework.web.servlet.resource.ResourceHttpRequestHandler]
2016-04-30 14:51:59.290  INFO 74037 --- [restartedMain] o.s.b.a.e.mvc.EndpointHandlerMapping     : Mapped "{[/mappings || /mappings.json],methods=[GET],produces=[application/json]}" onto public java.lang.Object org.springframework.boot.actuate.endpoint.mvc.EndpointMvcAdapter.invoke()
2016-04-30 14:51:59.291  INFO 74037 --- [restartedMain] o.s.b.a.e.mvc.EndpointHandlerMapping     : Mapped "{[/beans || /beans.json],methods=[GET],produces=[application/json]}" onto public java.lang.Object org.springframework.boot.actuate.endpoint.mvc.EndpointMvcAdapter.invoke()
2016-04-30 14:51:59.291  INFO 74037 --- [restartedMain] o.s.b.a.e.mvc.EndpointHandlerMapping     : Mapped "{[/autoconfig || /autoconfig.json],methods=[GET],produces=[application/json]}" onto public java.lang.Object org.springframework.boot.actuate.endpoint.mvc.EndpointMvcAdapter.invoke()
2016-04-30 14:51:59.292  INFO 74037 --- [restartedMain] o.s.b.a.e.mvc.EndpointHandlerMapping     : Mapped "{[/env/{name:.*}],methods=[GET],produces=[application/json]}" onto public java.lang.Object org.springframework.boot.actuate.endpoint.mvc.EnvironmentMvcEndpoint.value(java.lang.String)
2016-04-30 14:51:59.293  INFO 74037 --- [restartedMain] o.s.b.a.e.mvc.EndpointHandlerMapping     : Mapped "{[/env || /env.json],methods=[GET],produces=[application/json]}" onto public java.lang.Object org.springframework.boot.actuate.endpoint.mvc.EndpointMvcAdapter.invoke()
2016-04-30 14:51:59.293  INFO 74037 --- [restartedMain] o.s.b.a.e.mvc.EndpointHandlerMapping     : Mapped "{[/metrics/{name:.*}],methods=[GET],produces=[application/json]}" onto public java.lang.Object org.springframework.boot.actuate.endpoint.mvc.MetricsMvcEndpoint.value(java.lang.String)
2016-04-30 14:51:59.293  INFO 74037 --- [restartedMain] o.s.b.a.e.mvc.EndpointHandlerMapping     : Mapped "{[/metrics || /metrics.json],methods=[GET],produces=[application/json]}" onto public java.lang.Object org.springframework.boot.actuate.endpoint.mvc.EndpointMvcAdapter.invoke()
2016-04-30 14:51:59.294  INFO 74037 --- [restartedMain] o.s.b.a.e.mvc.EndpointHandlerMapping     : Mapped "{[/trace || /trace.json],methods=[GET],produces=[application/json]}" onto public java.lang.Object org.springframework.boot.actuate.endpoint.mvc.EndpointMvcAdapter.invoke()
2016-04-30 14:51:59.295  INFO 74037 --- [restartedMain] o.s.b.a.e.mvc.EndpointHandlerMapping     : Mapped "{[/info || /info.json],methods=[GET],produces=[application/json]}" onto public java.lang.Object org.springframework.boot.actuate.endpoint.mvc.EndpointMvcAdapter.invoke()
2016-04-30 14:51:59.295  INFO 74037 --- [restartedMain] o.s.b.a.e.mvc.EndpointHandlerMapping     : Mapped "{[/dump || /dump.json],methods=[GET],produces=[application/json]}" onto public java.lang.Object org.springframework.boot.actuate.endpoint.mvc.EndpointMvcAdapter.invoke()
2016-04-30 14:51:59.296  INFO 74037 --- [restartedMain] o.s.b.a.e.mvc.EndpointHandlerMapping     : Mapped "{[/health || /health.json],produces=[application/json]}" onto public java.lang.Object org.springframework.boot.actuate.endpoint.mvc.HealthMvcEndpoint.invoke(java.security.Principal)
2016-04-30 14:51:59.296  INFO 74037 --- [restartedMain] o.s.b.a.e.mvc.EndpointHandlerMapping     : Mapped "{[/configprops || /configprops.json],methods=[GET],produces=[application/json]}" onto public java.lang.Object org.springframework.boot.actuate.endpoint.mvc.EndpointMvcAdapter.invoke()
2016-04-30 14:51:59.297  INFO 74037 --- [restartedMain] o.s.b.a.e.mvc.EndpointHandlerMapping     : Mapped "{[/logfile || /logfile.json],methods=[GET || HEAD]}" onto public void org.springframework.boot.actuate.endpoint.mvc.LogFileMvcEndpoint.invoke(javax.servlet.http.HttpServletRequest,javax.servlet.http.HttpServletResponse) throws javax.servlet.ServletException,java.io.IOException
2016-04-30 14:51:59.377  INFO 74037 --- [restartedMain] o.s.b.d.a.OptionalLiveReloadServer       : LiveReload server is running on port 35729
2016-04-30 14:51:59.420  INFO 74037 --- [restartedMain] o.s.j.e.a.AnnotationMBeanExporter        : Registering beans for JMX exposure on startup
2016-04-30 14:51:59.428  INFO 74037 --- [restartedMain] o.s.c.support.DefaultLifecycleProcessor  : Starting beans in phase 0
2016-04-30 14:51:59.540  INFO 74037 --- [restartedMain] s.b.c.e.t.TomcatEmbeddedServletContainer : Tomcat started on port(s): 8080 (http)
2016-04-30 14:51:59.545  INFO 74037 --- [restartedMain] example.Application                      : Started Application in 3.747 seconds (JVM running for 4.091)
2016-04-30 14:52:18.331  INFO 74037 --- [Thread-9] ationConfigEmbeddedWebApplicationContext : Closing org.springframework.boot.context.embedded.AnnotationConfigEmbeddedWebApplicationContext@2d6eb194: startup date [Sat Apr 30 14:51:56 JST 2016]; root of context hierarchy
2016-04-30 14:52:18.334  INFO 74037 --- [Thread-9] o.s.c.support.DefaultLifecycleProcessor  : Stopping beans in phase 0
2016-04-30 14:52:18.338  INFO 74037 --- [Thread-9] o.s.j.e.a.AnnotationMBeanExporter        : Unregistering JMX-exposed beans on shutdown
2016-04-30 14:52:25.000  INFO 74053 --- [restartedMain] example.Application                      : Starting Application on haljik-no-MacBook-Pro.local with PID 74053 (/Users/haljik/dev/temp/isolating-the-domain/build/classes/main started by haljik in /Users/haljik/dev/temp/isolating-the-domain)
2016-04-30 14:52:25.003  INFO 74053 --- [restartedMain] example.Application                      : No active profile set, falling back to default profiles: default
2016-04-30 14:52:25.245  INFO 74053 --- [restartedMain] ationConfigEmbeddedWebApplicationContext : Refreshing org.springframework.boot.context.embedded.AnnotationConfigEmbeddedWebApplicationContext@175fab48: startup date [Sat Apr 30 14:52:25 JST 2016]; root of context hierarchy
2016-04-30 14:52:25.955  INFO 74053 --- [restartedMain] o.s.b.f.s.DefaultListableBeanFactory     : Overriding bean definition for bean 'beanNameViewResolver' with a different definition: replacing [Root bean: class [null]; scope=; abstract=false; lazyInit=false; autowireMode=3; dependencyCheck=0; autowireCandidate=true; primary=false; factoryBeanName=org.springframework.boot.autoconfigure.web.ErrorMvcAutoConfiguration$WhitelabelErrorViewConfiguration; factoryMethodName=beanNameViewResolver; initMethodName=null; destroyMethodName=(inferred); defined in class path resource [org/springframework/boot/autoconfigure/web/ErrorMvcAutoConfiguration$WhitelabelErrorViewConfiguration.class]] with [Root bean: class [null]; scope=; abstract=false; lazyInit=false; autowireMode=3; dependencyCheck=0; autowireCandidate=true; primary=false; factoryBeanName=org.springframework.boot.autoconfigure.web.WebMvcAutoConfiguration$WebMvcAutoConfigurationAdapter; factoryMethodName=beanNameViewResolver; initMethodName=null; destroyMethodName=(inferred); defined in class path resource [org/springframework/boot/autoconfigure/web/WebMvcAutoConfiguration$WebMvcAutoConfigurationAdapter.class]]
2016-04-30 14:52:26.336  INFO 74053 --- [restartedMain] trationDelegate$BeanPostProcessorChecker : Bean 'org.springframework.transaction.annotation.ProxyTransactionManagementConfiguration' of type [class org.springframework.transaction.annotation.ProxyTransactionManagementConfiguration$$EnhancerBySpringCGLIB$$502478d2] is not eligible for getting processed by all BeanPostProcessors (for example: not eligible for auto-proxying)
2016-04-30 14:52:26.630  INFO 74053 --- [restartedMain] s.b.c.e.t.TomcatEmbeddedServletContainer : Tomcat initialized with port(s): 8080 (http)
2016-04-30 14:52:26.640  INFO 74053 --- [restartedMain] o.apache.catalina.core.StandardService   : Starting service Tomcat
2016-04-30 14:52:26.641  INFO 74053 --- [restartedMain] org.apache.catalina.core.StandardEngine  : Starting Servlet Engine: Apache Tomcat/8.0.32
2016-04-30 14:52:26.709  INFO 74053 --- [localhost-startStop-1] o.a.c.c.C.[Tomcat].[localhost].[/]       : Initializing Spring embedded WebApplicationContext
2016-04-30 14:52:26.710  INFO 74053 --- [localhost-startStop-1] o.s.web.context.ContextLoader            : Root WebApplicationContext: initialization completed in 1467 ms
2016-04-30 14:52:26.964  INFO 74053 --- [localhost-startStop-1] o.s.b.c.e.ServletRegistrationBean        : Mapping servlet: 'dispatcherServlet' to [/]
2016-04-30 14:52:26.965  INFO 74053 --- [localhost-startStop-1] o.s.b.c.e.ServletRegistrationBean        : Mapping servlet: 'webServlet' to [/h2-console/*]
2016-04-30 14:52:26.968  INFO 74053 --- [localhost-startStop-1] o.s.b.c.embedded.FilterRegistrationBean  : Mapping filter: 'metricFilter' to: [/*]
2016-04-30 14:52:26.969  INFO 74053 --- [localhost-startStop-1] o.s.b.c.embedded.FilterRegistrationBean  : Mapping filter: 'characterEncodingFilter' to: [/*]
2016-04-30 14:52:26.969  INFO 74053 --- [localhost-startStop-1] o.s.b.c.embedded.FilterRegistrationBean  : Mapping filter: 'hiddenHttpMethodFilter' to: [/*]
2016-04-30 14:52:26.969  INFO 74053 --- [localhost-startStop-1] o.s.b.c.embedded.FilterRegistrationBean  : Mapping filter: 'httpPutFormContentFilter' to: [/*]
2016-04-30 14:52:26.969  INFO 74053 --- [localhost-startStop-1] o.s.b.c.embedded.FilterRegistrationBean  : Mapping filter: 'requestContextFilter' to: [/*]
2016-04-30 14:52:26.970  INFO 74053 --- [localhost-startStop-1] o.s.b.c.embedded.FilterRegistrationBean  : Mapping filter: 'webRequestLoggingFilter' to: [/*]
2016-04-30 14:52:26.970  INFO 74053 --- [localhost-startStop-1] o.s.b.c.embedded.FilterRegistrationBean  : Mapping filter: 'applicationContextIdFilter' to: [/*]
2016-04-30 14:52:27.249  INFO 74053 --- [restartedMain] o.s.jdbc.datasource.init.ScriptUtils     : Executing SQL script from URL [file:/Users/haljik/dev/temp/isolating-the-domain/build/resources/main/schema.sql]
2016-04-30 14:52:27.261  INFO 74053 --- [restartedMain] o.s.jdbc.datasource.init.ScriptUtils     : Executed SQL script from URL [file:/Users/haljik/dev/temp/isolating-the-domain/build/resources/main/schema.sql] in 12 ms.
2016-04-30 14:52:27.263  INFO 74053 --- [restartedMain] o.s.jdbc.datasource.init.ScriptUtils     : Executing SQL script from URL [file:/Users/haljik/dev/temp/isolating-the-domain/build/resources/main/data.sql]
2016-04-30 14:52:27.268  INFO 74053 --- [restartedMain] o.s.jdbc.datasource.init.ScriptUtils     : Executed SQL script from URL [file:/Users/haljik/dev/temp/isolating-the-domain/build/resources/main/data.sql] in 5 ms.
2016-04-30 14:52:27.757  INFO 74053 --- [restartedMain] s.w.s.m.m.a.RequestMappingHandlerAdapter : Looking for @ControllerAdvice: org.springframework.boot.context.embedded.AnnotationConfigEmbeddedWebApplicationContext@175fab48: startup date [Sat Apr 30 14:52:25 JST 2016]; root of context hierarchy
2016-04-30 14:52:27.775  INFO 74053 --- [restartedMain] s.w.s.m.m.a.RequestMappingHandlerAdapter : Detected @InitBinder methods in baseControllerAdvice
2016-04-30 14:52:27.833  INFO 74053 --- [restartedMain] s.w.s.m.m.a.RequestMappingHandlerMapping : Mapped "{[/]}" onto java.lang.String example.web.TopController.show()
2016-04-30 14:52:27.835  INFO 74053 --- [restartedMain] s.w.s.m.m.a.RequestMappingHandlerMapping : Mapped "{[/user/delete/delete],methods=[GET]}" onto java.lang.String example.web.user.DeleteController.execute(example.model.user.User,org.springframework.web.bind.support.SessionStatus)
2016-04-30 14:52:27.836  INFO 74053 --- [restartedMain] s.w.s.m.m.a.RequestMappingHandlerMapping : Mapped "{[/user/delete/{userId}/confirm],methods=[GET]}" onto java.lang.String example.web.user.DeleteController.input(java.lang.String,org.springframework.ui.Model)
2016-04-30 14:52:27.837  INFO 74053 --- [restartedMain] s.w.s.m.m.a.RequestMappingHandlerMapping : Mapped "{[/user/delete],methods=[GET]}" onto java.lang.String example.web.user.DeleteController.clearSessionAttribute(org.springframework.web.bind.support.SessionStatus,java.lang.String)
2016-04-30 14:52:27.841  INFO 74053 --- [restartedMain] s.w.s.m.m.a.RequestMappingHandlerMapping : Mapped "{[/user/register/input],methods=[GET]}" onto java.lang.String example.web.user.RegisterController.form(org.springframework.ui.Model)
2016-04-30 14:52:27.842  INFO 74053 --- [restartedMain] s.w.s.m.m.a.RequestMappingHandlerMapping : Mapped "{[/user/register/register],methods=[GET]}" onto java.lang.String example.web.user.RegisterController.register(example.model.user.User,org.springframework.web.servlet.mvc.support.RedirectAttributes)
2016-04-30 14:52:27.842  INFO 74053 --- [restartedMain] s.w.s.m.m.a.RequestMappingHandlerMapping : Mapped "{[/user/register],methods=[GET]}" onto java.lang.String example.web.user.RegisterController.start(org.springframework.web.bind.support.SessionStatus)
2016-04-30 14:52:27.842  INFO 74053 --- [restartedMain] s.w.s.m.m.a.RequestMappingHandlerMapping : Mapped "{[/user/register/confirm],methods=[POST]}" onto java.lang.String example.web.user.RegisterController.confirm(example.model.user.User,org.springframework.validation.BindingResult)
2016-04-30 14:52:27.843  INFO 74053 --- [restartedMain] s.w.s.m.m.a.RequestMappingHandlerMapping : Mapped "{[/user/register/complete],methods=[GET]}" onto java.lang.String example.web.user.RegisterController.complete(org.springframework.web.bind.support.SessionStatus)
2016-04-30 14:52:27.845  INFO 74053 --- [restartedMain] s.w.s.m.m.a.RequestMappingHandlerMapping : Mapped "{[/user/update],methods=[GET]}" onto java.lang.String example.web.user.UpdateController.start(org.springframework.web.bind.support.SessionStatus,java.lang.String)
2016-04-30 14:52:27.845  INFO 74053 --- [restartedMain] s.w.s.m.m.a.RequestMappingHandlerMapping : Mapped "{[/user/update/confirm],methods=[GET]}" onto java.lang.String example.web.user.UpdateController.show()
2016-04-30 14:52:27.846  INFO 74053 --- [restartedMain] s.w.s.m.m.a.RequestMappingHandlerMapping : Mapped "{[/user/update/{userId}/input],methods=[GET]}" onto java.lang.String example.web.user.UpdateController.formWithCurrentData(java.lang.String,org.springframework.ui.Model)
2016-04-30 14:52:27.846  INFO 74053 --- [restartedMain] s.w.s.m.m.a.RequestMappingHandlerMapping : Mapped "{[/user/update/input/again],methods=[GET]}" onto java.lang.String example.web.user.UpdateController.formAgain()
2016-04-30 14:52:27.846  INFO 74053 --- [restartedMain] s.w.s.m.m.a.RequestMappingHandlerMapping : Mapped "{[/user/update/complete],methods=[GET]}" onto java.lang.String example.web.user.UpdateController.updateNow(example.model.user.User,org.springframework.web.bind.support.SessionStatus)
2016-04-30 14:52:27.846  INFO 74053 --- [restartedMain] s.w.s.m.m.a.RequestMappingHandlerMapping : Mapped "{[/user/update/confirm],methods=[POST]}" onto java.lang.String example.web.user.UpdateController.validate(example.model.user.User,org.springframework.validation.BindingResult,org.springframework.web.servlet.mvc.support.RedirectAttributes)
2016-04-30 14:52:27.848  INFO 74053 --- [restartedMain] s.w.s.m.m.a.RequestMappingHandlerMapping : Mapped "{[/error]}" onto public org.springframework.http.ResponseEntity<java.util.Map<java.lang.String, java.lang.Object>> org.springframework.boot.autoconfigure.web.BasicErrorController.error(javax.servlet.http.HttpServletRequest)
2016-04-30 14:52:27.849  INFO 74053 --- [restartedMain] s.w.s.m.m.a.RequestMappingHandlerMapping : Mapped "{[/error],produces=[text/html]}" onto public org.springframework.web.servlet.ModelAndView org.springframework.boot.autoconfigure.web.BasicErrorController.errorHtml(javax.servlet.http.HttpServletRequest,javax.servlet.http.HttpServletResponse)
2016-04-30 14:52:27.877  INFO 74053 --- [restartedMain] o.s.w.s.handler.SimpleUrlHandlerMapping  : Mapped URL path [/webjars/**] onto handler of type [class org.springframework.web.servlet.resource.ResourceHttpRequestHandler]
2016-04-30 14:52:27.878  INFO 74053 --- [restartedMain] o.s.w.s.handler.SimpleUrlHandlerMapping  : Mapped URL path [/**] onto handler of type [class org.springframework.web.servlet.resource.ResourceHttpRequestHandler]
2016-04-30 14:52:27.909  INFO 74053 --- [restartedMain] o.s.w.s.handler.SimpleUrlHandlerMapping  : Mapped URL path [/**/favicon.ico] onto handler of type [class org.springframework.web.servlet.resource.ResourceHttpRequestHandler]
2016-04-30 14:52:28.539  INFO 74053 --- [restartedMain] o.s.b.a.e.mvc.EndpointHandlerMapping     : Mapped "{[/metrics/{name:.*}],methods=[GET],produces=[application/json]}" onto public java.lang.Object org.springframework.boot.actuate.endpoint.mvc.MetricsMvcEndpoint.value(java.lang.String)
2016-04-30 14:52:28.541  INFO 74053 --- [restartedMain] o.s.b.a.e.mvc.EndpointHandlerMapping     : Mapped "{[/metrics || /metrics.json],methods=[GET],produces=[application/json]}" onto public java.lang.Object org.springframework.boot.actuate.endpoint.mvc.EndpointMvcAdapter.invoke()
2016-04-30 14:52:28.541  INFO 74053 --- [restartedMain] o.s.b.a.e.mvc.EndpointHandlerMapping     : Mapped "{[/info || /info.json],methods=[GET],produces=[application/json]}" onto public java.lang.Object org.springframework.boot.actuate.endpoint.mvc.EndpointMvcAdapter.invoke()
2016-04-30 14:52:28.542  INFO 74053 --- [restartedMain] o.s.b.a.e.mvc.EndpointHandlerMapping     : Mapped "{[/beans || /beans.json],methods=[GET],produces=[application/json]}" onto public java.lang.Object org.springframework.boot.actuate.endpoint.mvc.EndpointMvcAdapter.invoke()
2016-04-30 14:52:28.543  INFO 74053 --- [restartedMain] o.s.b.a.e.mvc.EndpointHandlerMapping     : Mapped "{[/trace || /trace.json],methods=[GET],produces=[application/json]}" onto public java.lang.Object org.springframework.boot.actuate.endpoint.mvc.EndpointMvcAdapter.invoke()
2016-04-30 14:52:28.544  INFO 74053 --- [restartedMain] o.s.b.a.e.mvc.EndpointHandlerMapping     : Mapped "{[/autoconfig || /autoconfig.json],methods=[GET],produces=[application/json]}" onto public java.lang.Object org.springframework.boot.actuate.endpoint.mvc.EndpointMvcAdapter.invoke()
2016-04-30 14:52:28.545  INFO 74053 --- [restartedMain] o.s.b.a.e.mvc.EndpointHandlerMapping     : Mapped "{[/configprops || /configprops.json],methods=[GET],produces=[application/json]}" onto public java.lang.Object org.springframework.boot.actuate.endpoint.mvc.EndpointMvcAdapter.invoke()
2016-04-30 14:52:28.546  INFO 74053 --- [restartedMain] o.s.b.a.e.mvc.EndpointHandlerMapping     : Mapped "{[/env/{name:.*}],methods=[GET],produces=[application/json]}" onto public java.lang.Object org.springframework.boot.actuate.endpoint.mvc.EnvironmentMvcEndpoint.value(java.lang.String)
2016-04-30 14:52:28.546  INFO 74053 --- [restartedMain] o.s.b.a.e.mvc.EndpointHandlerMapping     : Mapped "{[/env || /env.json],methods=[GET],produces=[application/json]}" onto public java.lang.Object org.springframework.boot.actuate.endpoint.mvc.EndpointMvcAdapter.invoke()
2016-04-30 14:52:28.547  INFO 74053 --- [restartedMain] o.s.b.a.e.mvc.EndpointHandlerMapping     : Mapped "{[/health || /health.json],produces=[application/json]}" onto public java.lang.Object org.springframework.boot.actuate.endpoint.mvc.HealthMvcEndpoint.invoke(java.security.Principal)
2016-04-30 14:52:28.548  INFO 74053 --- [restartedMain] o.s.b.a.e.mvc.EndpointHandlerMapping     : Mapped "{[/mappings || /mappings.json],methods=[GET],produces=[application/json]}" onto public java.lang.Object org.springframework.boot.actuate.endpoint.mvc.EndpointMvcAdapter.invoke()
2016-04-30 14:52:28.549  INFO 74053 --- [restartedMain] o.s.b.a.e.mvc.EndpointHandlerMapping     : Mapped "{[/logfile || /logfile.json],methods=[GET || HEAD]}" onto public void org.springframework.boot.actuate.endpoint.mvc.LogFileMvcEndpoint.invoke(javax.servlet.http.HttpServletRequest,javax.servlet.http.HttpServletResponse) throws javax.servlet.ServletException,java.io.IOException
2016-04-30 14:52:28.549  INFO 74053 --- [restartedMain] o.s.b.a.e.mvc.EndpointHandlerMapping     : Mapped "{[/dump || /dump.json],methods=[GET],produces=[application/json]}" onto public java.lang.Object org.springframework.boot.actuate.endpoint.mvc.EndpointMvcAdapter.invoke()
2016-04-30 14:52:28.634  INFO 74053 --- [restartedMain] o.s.b.d.a.OptionalLiveReloadServer       : LiveReload server is running on port 35729
2016-04-30 14:52:28.685  INFO 74053 --- [restartedMain] o.s.j.e.a.AnnotationMBeanExporter        : Registering beans for JMX exposure on startup
2016-04-30 14:52:28.695  INFO 74053 --- [restartedMain] o.s.c.support.DefaultLifecycleProcessor  : Starting beans in phase 0
2016-04-30 14:52:28.836  INFO 74053 --- [restartedMain] s.b.c.e.t.TomcatEmbeddedServletContainer : Tomcat started on port(s): 8080 (http)
2016-04-30 14:52:28.840  INFO 74053 --- [restartedMain] example.Application                      : Started Application in 4.207 seconds (JVM running for 4.583)
2016-04-30 14:53:17.824  INFO 74053 --- [Thread-9] ationConfigEmbeddedWebApplicationContext : Closing org.springframework.boot.context.embedded.AnnotationConfigEmbeddedWebApplicationContext@175fab48: startup date [Sat Apr 30 14:52:25 JST 2016]; root of context hierarchy
2016-04-30 14:53:17.827  INFO 74053 --- [Thread-9] o.s.c.support.DefaultLifecycleProcessor  : Stopping beans in phase 0
2016-04-30 14:53:17.831  INFO 74053 --- [Thread-9] o.s.j.e.a.AnnotationMBeanExporter        : Unregistering JMX-exposed beans on shutdown
2016-04-30 14:53:30.769  INFO 74073 --- [Test worker] example.service.user.UserServiceSpec     : Starting UserServiceSpec on haljik-no-MacBook-Pro.local with PID 74073 (/Users/haljik/dev/temp/isolating-the-domain/build/classes/test started by haljik in /Users/haljik/dev/temp/isolating-the-domain)
2016-04-30 14:53:30.769  INFO 74073 --- [Test worker] example.service.user.UserServiceSpec     : The following profiles are active: test
2016-04-30 14:53:30.798  INFO 74073 --- [Test worker] s.c.a.AnnotationConfigApplicationContext : Refreshing org.springframework.context.annotation.AnnotationConfigApplicationContext@6eb4b353: startup date [Sat Apr 30 14:53:30 JST 2016]; root of context hierarchy
2016-04-30 14:53:31.947  INFO 74073 --- [Test worker] o.s.jdbc.datasource.init.ScriptUtils     : Executing SQL script from URL [file:/Users/haljik/dev/temp/isolating-the-domain/build/resources/main/schema.sql]
2016-04-30 14:53:31.959  INFO 74073 --- [Test worker] o.s.jdbc.datasource.init.ScriptUtils     : Executed SQL script from URL [file:/Users/haljik/dev/temp/isolating-the-domain/build/resources/main/schema.sql] in 12 ms.
2016-04-30 14:53:31.961  INFO 74073 --- [Test worker] o.s.jdbc.datasource.init.ScriptUtils     : Executing SQL script from URL [file:/Users/haljik/dev/temp/isolating-the-domain/build/resources/main/data.sql]
2016-04-30 14:53:31.966  INFO 74073 --- [Test worker] o.s.jdbc.datasource.init.ScriptUtils     : Executed SQL script from URL [file:/Users/haljik/dev/temp/isolating-the-domain/build/resources/main/data.sql] in 5 ms.
2016-04-30 14:53:32.933  INFO 74073 --- [Test worker] example.service.user.UserServiceSpec     : Started UserServiceSpec in 2.616 seconds (JVM running for 3.514)
2016-04-30 14:53:33.065  INFO 74073 --- [Thread-6] s.c.a.AnnotationConfigApplicationContext : Closing org.springframework.context.annotation.AnnotationConfigApplicationContext@6eb4b353: startup date [Sat Apr 30 14:53:30 JST 2016]; root of context hierarchy
2016-04-30 14:58:26.271  INFO 74131 --- [Test worker] example.service.user.UserServiceSpec     : Starting UserServiceSpec on haljik-no-MacBook-Pro.local with PID 74131 (/Users/haljik/dev/temp/isolating-the-domain/build/classes/test started by haljik in /Users/haljik/dev/temp/isolating-the-domain)
2016-04-30 14:58:26.272  INFO 74131 --- [Test worker] example.service.user.UserServiceSpec     : The following profiles are active: test
2016-04-30 14:58:26.309  INFO 74131 --- [Test worker] s.c.a.AnnotationConfigApplicationContext : Refreshing org.springframework.context.annotation.AnnotationConfigApplicationContext@737884fa: startup date [Sat Apr 30 14:58:26 JST 2016]; root of context hierarchy
2016-04-30 14:58:27.658  INFO 74131 --- [Test worker] o.s.jdbc.datasource.init.ScriptUtils     : Executing SQL script from URL [file:/Users/haljik/dev/temp/isolating-the-domain/build/resources/main/schema.sql]
2016-04-30 14:58:27.671  INFO 74131 --- [Test worker] o.s.jdbc.datasource.init.ScriptUtils     : Executed SQL script from URL [file:/Users/haljik/dev/temp/isolating-the-domain/build/resources/main/schema.sql] in 13 ms.
2016-04-30 14:58:27.674  INFO 74131 --- [Test worker] o.s.jdbc.datasource.init.ScriptUtils     : Executing SQL script from URL [file:/Users/haljik/dev/temp/isolating-the-domain/build/resources/main/data.sql]
2016-04-30 14:58:27.679  INFO 74131 --- [Test worker] o.s.jdbc.datasource.init.ScriptUtils     : Executed SQL script from URL [file:/Users/haljik/dev/temp/isolating-the-domain/build/resources/main/data.sql] in 4 ms.
2016-04-30 14:58:28.934  INFO 74131 --- [Test worker] example.service.user.UserServiceSpec     : Started UserServiceSpec in 3.259 seconds (JVM running for 4.213)
2016-04-30 14:58:29.129  INFO 74131 --- [Thread-6] s.c.a.AnnotationConfigApplicationContext : Closing org.springframework.context.annotation.AnnotationConfigApplicationContext@737884fa: startup date [Sat Apr 30 14:58:26 JST 2016]; root of context hierarchy
2016-04-30 15:08:59.673  INFO 74368 --- [restartedMain] example.Application                      : Starting Application on haljik-no-MacBook-Pro.local with PID 74368 (/Users/haljik/dev/temp/isolating-the-domain/build/classes/main started by haljik in /Users/haljik/dev/temp/isolating-the-domain)
2016-04-30 15:08:59.675  INFO 74368 --- [restartedMain] example.Application                      : No active profile set, falling back to default profiles: default
2016-04-30 15:08:59.876  INFO 74368 --- [restartedMain] ationConfigEmbeddedWebApplicationContext : Refreshing org.springframework.boot.context.embedded.AnnotationConfigEmbeddedWebApplicationContext@5ca50970: startup date [Sat Apr 30 15:08:59 JST 2016]; root of context hierarchy
2016-04-30 15:09:00.543  INFO 74368 --- [restartedMain] o.s.b.f.s.DefaultListableBeanFactory     : Overriding bean definition for bean 'beanNameViewResolver' with a different definition: replacing [Root bean: class [null]; scope=; abstract=false; lazyInit=false; autowireMode=3; dependencyCheck=0; autowireCandidate=true; primary=false; factoryBeanName=org.springframework.boot.autoconfigure.web.ErrorMvcAutoConfiguration$WhitelabelErrorViewConfiguration; factoryMethodName=beanNameViewResolver; initMethodName=null; destroyMethodName=(inferred); defined in class path resource [org/springframework/boot/autoconfigure/web/ErrorMvcAutoConfiguration$WhitelabelErrorViewConfiguration.class]] with [Root bean: class [null]; scope=; abstract=false; lazyInit=false; autowireMode=3; dependencyCheck=0; autowireCandidate=true; primary=false; factoryBeanName=org.springframework.boot.autoconfigure.web.WebMvcAutoConfiguration$WebMvcAutoConfigurationAdapter; factoryMethodName=beanNameViewResolver; initMethodName=null; destroyMethodName=(inferred); defined in class path resource [org/springframework/boot/autoconfigure/web/WebMvcAutoConfiguration$WebMvcAutoConfigurationAdapter.class]]
2016-04-30 15:09:00.924  INFO 74368 --- [restartedMain] trationDelegate$BeanPostProcessorChecker : Bean 'org.springframework.transaction.annotation.ProxyTransactionManagementConfiguration' of type [class org.springframework.transaction.annotation.ProxyTransactionManagementConfiguration$$EnhancerBySpringCGLIB$$425d1439] is not eligible for getting processed by all BeanPostProcessors (for example: not eligible for auto-proxying)
2016-04-30 15:09:01.230  INFO 74368 --- [restartedMain] s.b.c.e.t.TomcatEmbeddedServletContainer : Tomcat initialized with port(s): 8080 (http)
2016-04-30 15:09:01.240  INFO 74368 --- [restartedMain] o.apache.catalina.core.StandardService   : Starting service Tomcat
2016-04-30 15:09:01.241  INFO 74368 --- [restartedMain] org.apache.catalina.core.StandardEngine  : Starting Servlet Engine: Apache Tomcat/8.0.32
2016-04-30 15:09:01.316  INFO 74368 --- [localhost-startStop-1] o.a.c.c.C.[Tomcat].[localhost].[/]       : Initializing Spring embedded WebApplicationContext
2016-04-30 15:09:01.316  INFO 74368 --- [localhost-startStop-1] o.s.web.context.ContextLoader            : Root WebApplicationContext: initialization completed in 1443 ms
2016-04-30 15:09:01.581  INFO 74368 --- [localhost-startStop-1] o.s.b.c.e.ServletRegistrationBean        : Mapping servlet: 'dispatcherServlet' to [/]
2016-04-30 15:09:01.583  INFO 74368 --- [localhost-startStop-1] o.s.b.c.e.ServletRegistrationBean        : Mapping servlet: 'webServlet' to [/h2-console/*]
2016-04-30 15:09:01.586  INFO 74368 --- [localhost-startStop-1] o.s.b.c.embedded.FilterRegistrationBean  : Mapping filter: 'metricFilter' to: [/*]
2016-04-30 15:09:01.586  INFO 74368 --- [localhost-startStop-1] o.s.b.c.embedded.FilterRegistrationBean  : Mapping filter: 'characterEncodingFilter' to: [/*]
2016-04-30 15:09:01.586  INFO 74368 --- [localhost-startStop-1] o.s.b.c.embedded.FilterRegistrationBean  : Mapping filter: 'hiddenHttpMethodFilter' to: [/*]
2016-04-30 15:09:01.587  INFO 74368 --- [localhost-startStop-1] o.s.b.c.embedded.FilterRegistrationBean  : Mapping filter: 'httpPutFormContentFilter' to: [/*]
2016-04-30 15:09:01.587  INFO 74368 --- [localhost-startStop-1] o.s.b.c.embedded.FilterRegistrationBean  : Mapping filter: 'requestContextFilter' to: [/*]
2016-04-30 15:09:01.587  INFO 74368 --- [localhost-startStop-1] o.s.b.c.embedded.FilterRegistrationBean  : Mapping filter: 'webRequestLoggingFilter' to: [/*]
2016-04-30 15:09:01.587  INFO 74368 --- [localhost-startStop-1] o.s.b.c.embedded.FilterRegistrationBean  : Mapping filter: 'applicationContextIdFilter' to: [/*]
2016-04-30 15:09:01.875  INFO 74368 --- [restartedMain] o.s.jdbc.datasource.init.ScriptUtils     : Executing SQL script from URL [file:/Users/haljik/dev/temp/isolating-the-domain/build/resources/main/schema.sql]
2016-04-30 15:09:01.887  INFO 74368 --- [restartedMain] o.s.jdbc.datasource.init.ScriptUtils     : Executed SQL script from URL [file:/Users/haljik/dev/temp/isolating-the-domain/build/resources/main/schema.sql] in 12 ms.
2016-04-30 15:09:01.889  INFO 74368 --- [restartedMain] o.s.jdbc.datasource.init.ScriptUtils     : Executing SQL script from URL [file:/Users/haljik/dev/temp/isolating-the-domain/build/resources/main/data.sql]
2016-04-30 15:09:01.894  INFO 74368 --- [restartedMain] o.s.jdbc.datasource.init.ScriptUtils     : Executed SQL script from URL [file:/Users/haljik/dev/temp/isolating-the-domain/build/resources/main/data.sql] in 4 ms.
2016-04-30 15:09:02.422  INFO 74368 --- [restartedMain] s.w.s.m.m.a.RequestMappingHandlerAdapter : Looking for @ControllerAdvice: org.springframework.boot.context.embedded.AnnotationConfigEmbeddedWebApplicationContext@5ca50970: startup date [Sat Apr 30 15:08:59 JST 2016]; root of context hierarchy
2016-04-30 15:09:02.439  INFO 74368 --- [restartedMain] s.w.s.m.m.a.RequestMappingHandlerAdapter : Detected @InitBinder methods in baseControllerAdvice
2016-04-30 15:09:02.489  INFO 74368 --- [restartedMain] s.w.s.m.m.a.RequestMappingHandlerMapping : Mapped "{[/]}" onto java.lang.String example.web.TopController.show()
2016-04-30 15:09:02.491  INFO 74368 --- [restartedMain] s.w.s.m.m.a.RequestMappingHandlerMapping : Mapped "{[/user/delete/delete],methods=[GET]}" onto java.lang.String example.web.user.DeleteController.execute(example.model.user.User,org.springframework.web.bind.support.SessionStatus)
2016-04-30 15:09:02.492  INFO 74368 --- [restartedMain] s.w.s.m.m.a.RequestMappingHandlerMapping : Mapped "{[/user/delete/{userId}/confirm],methods=[GET]}" onto java.lang.String example.web.user.DeleteController.input(java.lang.String,org.springframework.ui.Model)
2016-04-30 15:09:02.492  INFO 74368 --- [restartedMain] s.w.s.m.m.a.RequestMappingHandlerMapping : Mapped "{[/user/delete],methods=[GET]}" onto java.lang.String example.web.user.DeleteController.clearSessionAttribute(org.springframework.web.bind.support.SessionStatus,java.lang.String)
2016-04-30 15:09:02.496  INFO 74368 --- [restartedMain] s.w.s.m.m.a.RequestMappingHandlerMapping : Mapped "{[/user/register/input],methods=[GET]}" onto java.lang.String example.web.user.RegisterController.form(org.springframework.ui.Model)
2016-04-30 15:09:02.497  INFO 74368 --- [restartedMain] s.w.s.m.m.a.RequestMappingHandlerMapping : Mapped "{[/user/register/register],methods=[GET]}" onto java.lang.String example.web.user.RegisterController.register(example.model.user.User,org.springframework.web.servlet.mvc.support.RedirectAttributes)
2016-04-30 15:09:02.497  INFO 74368 --- [restartedMain] s.w.s.m.m.a.RequestMappingHandlerMapping : Mapped "{[/user/register],methods=[GET]}" onto java.lang.String example.web.user.RegisterController.start(org.springframework.web.bind.support.SessionStatus)
2016-04-30 15:09:02.497  INFO 74368 --- [restartedMain] s.w.s.m.m.a.RequestMappingHandlerMapping : Mapped "{[/user/register/confirm],methods=[POST]}" onto java.lang.String example.web.user.RegisterController.confirm(example.model.user.User,org.springframework.validation.BindingResult)
2016-04-30 15:09:02.498  INFO 74368 --- [restartedMain] s.w.s.m.m.a.RequestMappingHandlerMapping : Mapped "{[/user/register/complete],methods=[GET]}" onto java.lang.String example.web.user.RegisterController.complete(org.springframework.web.bind.support.SessionStatus)
2016-04-30 15:09:02.500  INFO 74368 --- [restartedMain] s.w.s.m.m.a.RequestMappingHandlerMapping : Mapped "{[/user/update],methods=[GET]}" onto java.lang.String example.web.user.UpdateController.start(org.springframework.web.bind.support.SessionStatus,java.lang.String)
2016-04-30 15:09:02.500  INFO 74368 --- [restartedMain] s.w.s.m.m.a.RequestMappingHandlerMapping : Mapped "{[/user/update/confirm],methods=[GET]}" onto java.lang.String example.web.user.UpdateController.show()
2016-04-30 15:09:02.500  INFO 74368 --- [restartedMain] s.w.s.m.m.a.RequestMappingHandlerMapping : Mapped "{[/user/update/{userId}/input],methods=[GET]}" onto java.lang.String example.web.user.UpdateController.formWithCurrentData(java.lang.String,org.springframework.ui.Model)
2016-04-30 15:09:02.500  INFO 74368 --- [restartedMain] s.w.s.m.m.a.RequestMappingHandlerMapping : Mapped "{[/user/update/input/again],methods=[GET]}" onto java.lang.String example.web.user.UpdateController.formAgain()
2016-04-30 15:09:02.500  INFO 74368 --- [restartedMain] s.w.s.m.m.a.RequestMappingHandlerMapping : Mapped "{[/user/update/complete],methods=[GET]}" onto java.lang.String example.web.user.UpdateController.updateNow(example.model.user.User,org.springframework.web.bind.support.SessionStatus)
2016-04-30 15:09:02.500  INFO 74368 --- [restartedMain] s.w.s.m.m.a.RequestMappingHandlerMapping : Mapped "{[/user/update/confirm],methods=[POST]}" onto java.lang.String example.web.user.UpdateController.validate(example.model.user.User,org.springframework.validation.BindingResult,org.springframework.web.servlet.mvc.support.RedirectAttributes)
2016-04-30 15:09:02.502  INFO 74368 --- [restartedMain] s.w.s.m.m.a.RequestMappingHandlerMapping : Mapped "{[/error]}" onto public org.springframework.http.ResponseEntity<java.util.Map<java.lang.String, java.lang.Object>> org.springframework.boot.autoconfigure.web.BasicErrorController.error(javax.servlet.http.HttpServletRequest)
2016-04-30 15:09:02.502  INFO 74368 --- [restartedMain] s.w.s.m.m.a.RequestMappingHandlerMapping : Mapped "{[/error],produces=[text/html]}" onto public org.springframework.web.servlet.ModelAndView org.springframework.boot.autoconfigure.web.BasicErrorController.errorHtml(javax.servlet.http.HttpServletRequest,javax.servlet.http.HttpServletResponse)
2016-04-30 15:09:02.533  INFO 74368 --- [restartedMain] o.s.w.s.handler.SimpleUrlHandlerMapping  : Mapped URL path [/webjars/**] onto handler of type [class org.springframework.web.servlet.resource.ResourceHttpRequestHandler]
2016-04-30 15:09:02.533  INFO 74368 --- [restartedMain] o.s.w.s.handler.SimpleUrlHandlerMapping  : Mapped URL path [/**] onto handler of type [class org.springframework.web.servlet.resource.ResourceHttpRequestHandler]
2016-04-30 15:09:02.569  INFO 74368 --- [restartedMain] o.s.w.s.handler.SimpleUrlHandlerMapping  : Mapped URL path [/**/favicon.ico] onto handler of type [class org.springframework.web.servlet.resource.ResourceHttpRequestHandler]
2016-04-30 15:09:03.109  INFO 74368 --- [restartedMain] o.s.b.a.e.mvc.EndpointHandlerMapping     : Mapped "{[/mappings || /mappings.json],methods=[GET],produces=[application/json]}" onto public java.lang.Object org.springframework.boot.actuate.endpoint.mvc.EndpointMvcAdapter.invoke()
2016-04-30 15:09:03.110  INFO 74368 --- [restartedMain] o.s.b.a.e.mvc.EndpointHandlerMapping     : Mapped "{[/trace || /trace.json],methods=[GET],produces=[application/json]}" onto public java.lang.Object org.springframework.boot.actuate.endpoint.mvc.EndpointMvcAdapter.invoke()
2016-04-30 15:09:03.111  INFO 74368 --- [restartedMain] o.s.b.a.e.mvc.EndpointHandlerMapping     : Mapped "{[/info || /info.json],methods=[GET],produces=[application/json]}" onto public java.lang.Object org.springframework.boot.actuate.endpoint.mvc.EndpointMvcAdapter.invoke()
2016-04-30 15:09:03.112  INFO 74368 --- [restartedMain] o.s.b.a.e.mvc.EndpointHandlerMapping     : Mapped "{[/metrics/{name:.*}],methods=[GET],produces=[application/json]}" onto public java.lang.Object org.springframework.boot.actuate.endpoint.mvc.MetricsMvcEndpoint.value(java.lang.String)
2016-04-30 15:09:03.112  INFO 74368 --- [restartedMain] o.s.b.a.e.mvc.EndpointHandlerMapping     : Mapped "{[/metrics || /metrics.json],methods=[GET],produces=[application/json]}" onto public java.lang.Object org.springframework.boot.actuate.endpoint.mvc.EndpointMvcAdapter.invoke()
2016-04-30 15:09:03.112  INFO 74368 --- [restartedMain] o.s.b.a.e.mvc.EndpointHandlerMapping     : Mapped "{[/dump || /dump.json],methods=[GET],produces=[application/json]}" onto public java.lang.Object org.springframework.boot.actuate.endpoint.mvc.EndpointMvcAdapter.invoke()
2016-04-30 15:09:03.113  INFO 74368 --- [restartedMain] o.s.b.a.e.mvc.EndpointHandlerMapping     : Mapped "{[/configprops || /configprops.json],methods=[GET],produces=[application/json]}" onto public java.lang.Object org.springframework.boot.actuate.endpoint.mvc.EndpointMvcAdapter.invoke()
2016-04-30 15:09:03.114  INFO 74368 --- [restartedMain] o.s.b.a.e.mvc.EndpointHandlerMapping     : Mapped "{[/health || /health.json],produces=[application/json]}" onto public java.lang.Object org.springframework.boot.actuate.endpoint.mvc.HealthMvcEndpoint.invoke(java.security.Principal)
2016-04-30 15:09:03.114  INFO 74368 --- [restartedMain] o.s.b.a.e.mvc.EndpointHandlerMapping     : Mapped "{[/logfile || /logfile.json],methods=[GET || HEAD]}" onto public void org.springframework.boot.actuate.endpoint.mvc.LogFileMvcEndpoint.invoke(javax.servlet.http.HttpServletRequest,javax.servlet.http.HttpServletResponse) throws javax.servlet.ServletException,java.io.IOException
2016-04-30 15:09:03.115  INFO 74368 --- [restartedMain] o.s.b.a.e.mvc.EndpointHandlerMapping     : Mapped "{[/autoconfig || /autoconfig.json],methods=[GET],produces=[application/json]}" onto public java.lang.Object org.springframework.boot.actuate.endpoint.mvc.EndpointMvcAdapter.invoke()
2016-04-30 15:09:03.115  INFO 74368 --- [restartedMain] o.s.b.a.e.mvc.EndpointHandlerMapping     : Mapped "{[/beans || /beans.json],methods=[GET],produces=[application/json]}" onto public java.lang.Object org.springframework.boot.actuate.endpoint.mvc.EndpointMvcAdapter.invoke()
2016-04-30 15:09:03.116  INFO 74368 --- [restartedMain] o.s.b.a.e.mvc.EndpointHandlerMapping     : Mapped "{[/env/{name:.*}],methods=[GET],produces=[application/json]}" onto public java.lang.Object org.springframework.boot.actuate.endpoint.mvc.EnvironmentMvcEndpoint.value(java.lang.String)
2016-04-30 15:09:03.116  INFO 74368 --- [restartedMain] o.s.b.a.e.mvc.EndpointHandlerMapping     : Mapped "{[/env || /env.json],methods=[GET],produces=[application/json]}" onto public java.lang.Object org.springframework.boot.actuate.endpoint.mvc.EndpointMvcAdapter.invoke()
2016-04-30 15:09:03.197  INFO 74368 --- [restartedMain] o.s.b.d.a.OptionalLiveReloadServer       : LiveReload server is running on port 35729
2016-04-30 15:09:03.253  INFO 74368 --- [restartedMain] o.s.j.e.a.AnnotationMBeanExporter        : Registering beans for JMX exposure on startup
2016-04-30 15:09:03.262  INFO 74368 --- [restartedMain] o.s.c.support.DefaultLifecycleProcessor  : Starting beans in phase 0
2016-04-30 15:09:03.375  INFO 74368 --- [restartedMain] s.b.c.e.t.TomcatEmbeddedServletContainer : Tomcat started on port(s): 8080 (http)
2016-04-30 15:09:03.379  INFO 74368 --- [restartedMain] example.Application                      : Started Application in 3.98 seconds (JVM running for 4.333)
2016-04-30 15:09:17.800  INFO 74368 --- [http-nio-8080-exec-1] o.a.c.c.C.[Tomcat].[localhost].[/]       : Initializing Spring FrameworkServlet 'dispatcherServlet'
2016-04-30 15:09:17.801  INFO 74368 --- [http-nio-8080-exec-1] o.s.web.servlet.DispatcherServlet        : FrameworkServlet 'dispatcherServlet': initialization started
2016-04-30 15:09:17.810  INFO 74368 --- [http-nio-8080-exec-1] o.s.web.servlet.DispatcherServlet        : FrameworkServlet 'dispatcherServlet': initialization completed in 9 ms
2016-04-30 15:09:29.317  INFO 74368 --- [Thread-9] ationConfigEmbeddedWebApplicationContext : Closing org.springframework.boot.context.embedded.AnnotationConfigEmbeddedWebApplicationContext@5ca50970: startup date [Sat Apr 30 15:08:59 JST 2016]; root of context hierarchy
2016-04-30 15:09:29.319  INFO 74368 --- [Thread-9] o.s.c.support.DefaultLifecycleProcessor  : Stopping beans in phase 0
2016-04-30 15:09:29.323  INFO 74368 --- [Thread-9] o.s.j.e.a.AnnotationMBeanExporter        : Unregistering JMX-exposed beans on shutdown
